2016-12-24 18:22:50,743 : INFO : kivy : Factory: 179 symbols loaded
2016-12-24 18:22:50,892 : INFO : kivy : Image: Providers: img_tex, img_dds, img_gif, img_sdl2 (img_pil, img_ffpyplayer ignored)
2016-12-24 18:22:50,934 : INFO : kivy : VideoGstplayer: Using Gstreamer 1.10.2.0
2016-12-24 18:22:50,935 : INFO : kivy : Video: Provider: gstplayer
2016-12-24 18:22:50,970 : INFO : kivy : Loading MPF-MC controller
2016-12-24 18:22:50,971 : INFO : mpfmc : Mission Pinball Framework Media Controller v0.32.11
2016-12-24 18:22:50,973 : INFO : mpfmc : Machine path: C:\pinball\mpf-examples-0.32.x\demo_man
2016-12-24 18:22:50,973 : INFO : mpfmc : Starting clock at 60.0Hz
2016-12-24 18:22:50,983 : INFO : kivy : Text: Provider: sdl2
2016-12-24 18:22:51,480 : INFO : kivy : OSC: using <thread> for socket
2016-12-24 18:22:51,488 : INFO : kivy : Window: Provider: sdl2
2016-12-24 18:22:52,496 : INFO : kivy : GL: GLEW initialization succeeded
2016-12-24 18:22:52,497 : INFO : kivy : GL: OpenGL version <b'4.5.13464 Compatibility Profile Context 21.19.384.0'>
2016-12-24 18:22:52,498 : INFO : kivy : GL: OpenGL vendor <b'ATI Technologies Inc.'>
2016-12-24 18:22:52,499 : INFO : kivy : GL: OpenGL renderer <b'AMD Radeon(TM) R5 240'>
2016-12-24 18:22:52,500 : INFO : kivy : GL: OpenGL parsed version: 4, 5
2016-12-24 18:22:52,501 : INFO : kivy : GL: Shading version <b'4.50'>
2016-12-24 18:22:52,501 : INFO : kivy : GL: Texture max size <16384>
2016-12-24 18:22:52,502 : INFO : kivy : GL: Texture max units <32>
2016-12-24 18:22:52,582 : INFO : kivy : Window: auto add sdl2 input provider
2016-12-24 18:22:52,583 : INFO : kivy : Window: virtual keyboard not allowed, single mode, not docked
2016-12-24 18:22:52,943 : INFO : AudioInterface : Initialized 0.32.5
2016-12-24 18:22:52,950 : INFO : kivy : Base: Start application main loop
2016-12-24 18:22:53,014 : INFO : kivy : GL: NPOT texture support is available
2016-12-24 18:23:31,728 : INFO : MPF-MC BCP Server : Starting up on localhost port 5050
2016-12-24 18:23:31,734 : INFO : MPF-MC BCP Server : Waiting for a connection...
2016-12-24 18:23:32,610 : INFO : MPF-MC BCP Server : Received connection from: 127.0.0.1:50619
2016-12-24 18:23:32,636 : INFO : mpfmc : Initializing Physical DMD
2016-12-24 18:23:32,658 : INFO : mpfmc : Setting Physical DMD to 24fps
2016-12-24 18:24:46,745 : INFO : kivy : Base: Leaving application in progress...
2016-12-24 18:24:46,745 : INFO : mpfmc : Stopping...
2016-12-24 18:24:46,746 : INFO : mpfmc : Loop rate 52.07 Hz
2016-12-24 18:24:46,746 : INFO : kivy : MC run loop ended.
2016-12-24 18:24:46,746 : INFO : kivy : Stopping child threads... (3 remaining)
2016-12-24 18:24:47,515 : INFO : MPF-MC BCP Server : Stopping BCP sending thread
2016-12-24 18:24:47,745 : INFO : mpfmc : Stopping...
2016-12-24 18:24:47,745 : INFO : mpfmc : Loop rate 51.62 Hz
2016-12-24 18:24:47,794 : INFO : kivy : All child threads stopped.
