2016-12-27 23:02:40,507 : INFO : kivy : Factory: 179 symbols loaded
2016-12-27 23:02:40,748 : INFO : kivy : Image: Providers: img_tex, img_dds, img_gif, img_sdl2 (img_pil, img_ffpyplayer ignored)
2016-12-27 23:02:40,819 : INFO : kivy : VideoGstplayer: Using Gstreamer 1.10.2.0
2016-12-27 23:02:40,820 : INFO : kivy : Video: Provider: gstplayer
2016-12-27 23:02:40,860 : INFO : kivy : Loading MPF-MC controller
2016-12-27 23:02:40,861 : INFO : mpfmc : Mission Pinball Framework Media Controller v0.32.11
2016-12-27 23:02:40,862 : INFO : mpfmc : Machine path: C:\pinball\redskullstest
2016-12-27 23:02:40,863 : INFO : mpfmc : Starting clock at 60.0Hz
2016-12-27 23:02:40,882 : INFO : kivy : Text: Provider: sdl2
2016-12-27 23:02:41,352 : INFO : kivy : OSC: using <thread> for socket
2016-12-27 23:02:41,360 : INFO : kivy : Window: Provider: sdl2
2016-12-27 23:02:41,570 : INFO : kivy : GL: GLEW initialization succeeded
2016-12-27 23:02:41,571 : INFO : kivy : GL: OpenGL version <b'4.5.13464 Compatibility Profile Context 21.19.384.0'>
2016-12-27 23:02:41,572 : INFO : kivy : GL: OpenGL vendor <b'ATI Technologies Inc.'>
2016-12-27 23:02:41,573 : INFO : kivy : GL: OpenGL renderer <b'AMD Radeon(TM) R5 240'>
2016-12-27 23:02:41,574 : INFO : kivy : GL: OpenGL parsed version: 4, 5
2016-12-27 23:02:41,575 : INFO : kivy : GL: Shading version <b'4.50'>
2016-12-27 23:02:41,576 : INFO : kivy : GL: Texture max size <16384>
2016-12-27 23:02:41,576 : INFO : kivy : GL: Texture max units <32>
2016-12-27 23:02:41,592 : INFO : kivy : Window: auto add sdl2 input provider
2016-12-27 23:02:41,593 : INFO : kivy : Window: virtual keyboard not allowed, single mode, not docked
2016-12-27 23:02:41,791 : INFO : AudioInterface : Initialized 0.32.5
2016-12-27 23:02:41,797 : INFO : kivy : Base: Start application main loop
2016-12-27 23:02:41,874 : INFO : kivy : GL: NPOT texture support is available
2016-12-27 23:03:20,890 : INFO : MPF-MC BCP Server : Starting up on localhost port 5050
2016-12-27 23:03:20,896 : INFO : MPF-MC BCP Server : Waiting for a connection...
2016-12-27 23:03:21,136 : INFO : MPF-MC BCP Server : Received connection from: 127.0.0.1:50281
2016-12-27 23:03:21,173 : INFO : mpfmc : Initializing Physical DMD
2016-12-27 23:03:21,182 : INFO : mpfmc : Setting Physical DMD to 24fps
2016-12-27 23:05:03,103 : INFO : kivy : Base: Leaving application in progress...
2016-12-27 23:05:03,104 : INFO : mpfmc : Stopping...
2016-12-27 23:05:03,105 : INFO : mpfmc : Loop rate 54.21 Hz
2016-12-27 23:05:03,105 : INFO : kivy : MC run loop ended.
2016-12-27 23:05:03,106 : INFO : kivy : Stopping child threads... (3 remaining)
2016-12-27 23:05:03,647 : INFO : mpfmc : Stopping...
2016-12-27 23:05:03,648 : INFO : mpfmc : Loop rate 54.01 Hz
2016-12-27 23:05:03,870 : INFO : MPF-MC BCP Server : Stopping BCP sending thread
2016-12-27 23:05:03,907 : INFO : kivy : All child threads stopped.
