2016-12-27 23:10:53,407 : INFO : Machine : Mission Pinball Framework Core Engine v0.32.6
2016-12-27 23:10:53,408 : INFO : Machine : Machine path: C:\pinball\redskullstest
2016-12-27 23:10:54,004 : INFO : Machine : Loading cached config: C:\Users\Customer\AppData\Local\Temp\f6eef2de233280d1dd6b1c0885b8cc32config
2016-12-27 23:10:54,724 : INFO : BCPClientSocket.local_display : Connecting BCP to 'local_display' at localhost:5050...
2016-12-27 23:11:34,066 : INFO : BCPClientSocket.local_display : Connected BCP to 'local_display' localhost:5050
2016-12-27 23:11:34,745 : INFO : Mode.tilt : Mode Starting. Priority: 1000000
2016-12-27 23:11:34,749 : INFO : SwitchController : Active Switch|s_r_trough
2016-12-27 23:11:34,750 : INFO : SwitchController : Active Switch|s_l_trough
2016-12-27 23:11:34,753 : INFO : Mode.service : Mode Starting. Priority: 100000
2016-12-27 23:11:34,766 : INFO : Mode.attract : Mode Starting. Priority: 10
2016-12-27 23:11:36,973 : INFO : SwitchController : <<<<< switch: s_credit_button, State:1 >>>>>
2016-12-27 23:11:37,049 : INFO : SwitchController : <<<<< switch: s_credit_button, State:0 >>>>>
2016-12-27 23:11:37,052 : INFO : Mode.game : Mode Starting. Priority: 20
2016-12-27 23:11:37,062 : INFO : Mode.game : Player added successfully. Total players: 1
2016-12-27 23:11:37,068 : INFO : Mode.base : Mode Starting. Priority: 100
2016-12-27 23:11:37,161 : INFO : SwitchController : <<<<< switch: s_r_trough, State:0 >>>>>
2016-12-27 23:11:37,270 : INFO : SwitchController : <<<<< switch: s_ball_shooter, State:1 >>>>>
2016-12-27 23:11:40,157 : INFO : SwitchController : <<<<< switch: s_ball_shooter, State:0 >>>>>
2016-12-27 23:11:45,296 : INFO : SwitchController : <<<<< switch: s_l_kicker, State:1 >>>>>
2016-12-27 23:11:45,393 : INFO : SwitchController : <<<<< switch: s_l_kicker, State:0 >>>>>
2016-12-27 23:11:45,799 : INFO : SwitchController : <<<<< switch: s_l_kicker, State:1 >>>>>
2016-12-27 23:11:45,876 : INFO : SwitchController : <<<<< switch: s_l_kicker, State:0 >>>>>
2016-12-27 23:11:46,066 : INFO : SwitchController : <<<<< switch: s_l_kicker, State:1 >>>>>
2016-12-27 23:11:46,124 : INFO : SwitchController : <<<<< switch: s_l_kicker, State:0 >>>>>
2016-12-27 23:11:46,220 : INFO : SwitchController : <<<<< switch: s_l_kicker, State:1 >>>>>
2016-12-27 23:11:46,299 : INFO : SwitchController : <<<<< switch: s_l_kicker, State:0 >>>>>
2016-12-27 23:11:46,395 : INFO : SwitchController : <<<<< switch: s_l_kicker, State:1 >>>>>
2016-12-27 23:11:46,483 : INFO : SwitchController : <<<<< switch: s_l_kicker, State:0 >>>>>
2016-12-27 23:11:46,565 : INFO : SwitchController : <<<<< switch: s_l_kicker, State:1 >>>>>
2016-12-27 23:11:46,652 : INFO : SwitchController : <<<<< switch: s_l_kicker, State:0 >>>>>
2016-12-27 23:11:46,748 : INFO : SwitchController : <<<<< switch: s_l_kicker, State:1 >>>>>
2016-12-27 23:11:46,826 : INFO : SwitchController : <<<<< switch: s_l_kicker, State:0 >>>>>
2016-12-27 23:11:48,059 : INFO : SwitchController : <<<<< switch: s_l_kicker, State:1 >>>>>
2016-12-27 23:11:48,100 : INFO : SwitchController : <<<<< switch: s_l_kicker, State:0 >>>>>
2016-12-27 23:11:48,244 : INFO : SwitchController : <<<<< switch: s_l_kicker, State:1 >>>>>
2016-12-27 23:11:48,295 : INFO : SwitchController : <<<<< switch: s_l_kicker, State:0 >>>>>
2016-12-27 23:11:48,379 : INFO : SwitchController : <<<<< switch: s_l_kicker, State:1 >>>>>
2016-12-27 23:11:48,476 : INFO : SwitchController : <<<<< switch: s_l_kicker, State:0 >>>>>
2016-12-27 23:11:49,350 : INFO : SwitchController : <<<<< switch: s_l_jet, State:1 >>>>>
2016-12-27 23:11:49,394 : INFO : SwitchController : <<<<< switch: s_l_jet, State:0 >>>>>
2016-12-27 23:11:49,818 : INFO : SwitchController : <<<<< switch: s_l_jet, State:1 >>>>>
2016-12-27 23:11:49,877 : INFO : SwitchController : <<<<< switch: s_l_jet, State:0 >>>>>
2016-12-27 23:11:50,043 : INFO : SwitchController : <<<<< switch: s_l_jet, State:1 >>>>>
2016-12-27 23:11:50,134 : INFO : SwitchController : <<<<< switch: s_l_jet, State:0 >>>>>
2016-12-27 23:11:50,259 : INFO : SwitchController : <<<<< switch: s_l_jet, State:1 >>>>>
2016-12-27 23:11:50,320 : INFO : SwitchController : <<<<< switch: s_l_jet, State:0 >>>>>
2016-12-27 23:11:50,533 : INFO : SwitchController : <<<<< switch: s_l_jet, State:1 >>>>>
2016-12-27 23:11:50,660 : INFO : SwitchController : <<<<< switch: s_l_jet, State:0 >>>>>
2016-12-27 23:11:50,981 : INFO : SwitchController : <<<<< switch: s_l_jet, State:1 >>>>>
2016-12-27 23:11:51,092 : INFO : SwitchController : <<<<< switch: s_l_jet, State:0 >>>>>
2016-12-27 23:11:51,361 : INFO : SwitchController : <<<<< switch: s_l_jet, State:1 >>>>>
2016-12-27 23:11:52,200 : INFO : SwitchController : <<<<< switch: s_l_jet, State:0 >>>>>
2016-12-27 23:11:52,298 : INFO : SwitchController : <<<<< switch: s_l_jet, State:1 >>>>>
2016-12-27 23:11:52,383 : INFO : SwitchController : <<<<< switch: s_l_jet, State:0 >>>>>
2016-12-27 23:11:52,479 : INFO : SwitchController : <<<<< switch: s_l_jet, State:1 >>>>>
2016-12-27 23:11:52,554 : INFO : SwitchController : <<<<< switch: s_l_jet, State:0 >>>>>
2016-12-27 23:11:52,636 : INFO : SwitchController : <<<<< switch: s_l_jet, State:1 >>>>>
2016-12-27 23:11:52,673 : INFO : SwitchController : <<<<< switch: s_l_jet, State:0 >>>>>
2016-12-27 23:11:52,759 : INFO : SwitchController : <<<<< switch: s_l_jet, State:1 >>>>>
2016-12-27 23:11:52,833 : INFO : SwitchController : <<<<< switch: s_l_jet, State:0 >>>>>
2016-12-27 23:11:52,896 : INFO : SwitchController : <<<<< switch: s_l_jet, State:1 >>>>>
2016-12-27 23:11:52,974 : INFO : SwitchController : <<<<< switch: s_l_jet, State:0 >>>>>
2016-12-27 23:11:53,021 : INFO : SwitchController : <<<<< switch: s_l_jet, State:1 >>>>>
2016-12-27 23:11:53,079 : INFO : SwitchController : <<<<< switch: s_l_jet, State:0 >>>>>
2016-12-27 23:11:53,155 : INFO : SwitchController : <<<<< switch: s_l_jet, State:1 >>>>>
2016-12-27 23:11:53,194 : INFO : SwitchController : <<<<< switch: s_l_jet, State:0 >>>>>
2016-12-27 23:11:53,240 : INFO : SwitchController : <<<<< switch: s_l_jet, State:1 >>>>>
2016-12-27 23:11:53,445 : INFO : SwitchController : <<<<< switch: s_l_jet, State:0 >>>>>
2016-12-27 23:11:53,492 : INFO : SwitchController : <<<<< switch: s_l_jet, State:1 >>>>>
2016-12-27 23:11:53,540 : INFO : SwitchController : <<<<< switch: s_l_jet, State:0 >>>>>
2016-12-27 23:11:53,719 : INFO : SwitchController : <<<<< switch: s_l_kicker, State:1 >>>>>
2016-12-27 23:11:53,834 : INFO : SwitchController : <<<<< switch: s_l_kicker, State:0 >>>>>
2016-12-27 23:11:53,869 : INFO : SwitchController : <<<<< switch: s_l_jet, State:1 >>>>>
2016-12-27 23:11:53,986 : INFO : SwitchController : <<<<< switch: s_l_kicker, State:1 >>>>>
2016-12-27 23:11:53,992 : INFO : SwitchController : <<<<< switch: s_l_jet, State:0 >>>>>
2016-12-27 23:11:54,049 : INFO : SwitchController : <<<<< switch: s_l_kicker, State:0 >>>>>
2016-12-27 23:11:54,096 : INFO : SwitchController : <<<<< switch: s_l_jet, State:1 >>>>>
2016-12-27 23:11:54,217 : INFO : SwitchController : <<<<< switch: s_l_jet, State:0 >>>>>
2016-12-27 23:11:54,220 : INFO : SwitchController : <<<<< switch: s_l_kicker, State:1 >>>>>
2016-12-27 23:11:54,311 : INFO : SwitchController : <<<<< switch: s_l_kicker, State:0 >>>>>
2016-12-27 23:11:54,326 : INFO : SwitchController : <<<<< switch: s_l_jet, State:1 >>>>>
2016-12-27 23:11:54,449 : INFO : SwitchController : <<<<< switch: s_l_jet, State:0 >>>>>
2016-12-27 23:11:54,451 : INFO : SwitchController : <<<<< switch: s_l_kicker, State:1 >>>>>
2016-12-27 23:11:54,576 : INFO : SwitchController : <<<<< switch: s_l_kicker, State:0 >>>>>
2016-12-27 23:11:54,579 : INFO : SwitchController : <<<<< switch: s_l_jet, State:1 >>>>>
2016-12-27 23:11:54,754 : INFO : SwitchController : <<<<< switch: s_l_jet, State:0 >>>>>
2016-12-27 23:11:54,756 : INFO : SwitchController : <<<<< switch: s_l_kicker, State:1 >>>>>
2016-12-27 23:11:54,801 : INFO : SwitchController : <<<<< switch: s_l_kicker, State:0 >>>>>
2016-12-27 23:11:54,872 : INFO : SwitchController : <<<<< switch: s_l_jet, State:1 >>>>>
2016-12-27 23:11:54,967 : INFO : SwitchController : <<<<< switch: s_l_kicker, State:1 >>>>>
2016-12-27 23:11:54,992 : INFO : SwitchController : <<<<< switch: s_l_jet, State:0 >>>>>
2016-12-27 23:11:55,063 : INFO : SwitchController : <<<<< switch: s_l_kicker, State:0 >>>>>
2016-12-27 23:11:55,110 : INFO : SwitchController : <<<<< switch: s_l_jet, State:1 >>>>>
2016-12-27 23:11:55,236 : INFO : SwitchController : <<<<< switch: s_l_jet, State:0 >>>>>
2016-12-27 23:11:55,238 : INFO : SwitchController : <<<<< switch: s_l_kicker, State:1 >>>>>
2016-12-27 23:11:55,320 : INFO : SwitchController : <<<<< switch: s_l_kicker, State:0 >>>>>
2016-12-27 23:11:55,322 : INFO : SwitchController : <<<<< switch: s_l_jet, State:1 >>>>>
2016-12-27 23:11:55,446 : INFO : SwitchController : <<<<< switch: s_l_jet, State:0 >>>>>
2016-12-27 23:11:55,482 : INFO : SwitchController : <<<<< switch: s_l_kicker, State:1 >>>>>
2016-12-27 23:11:55,577 : INFO : SwitchController : <<<<< switch: s_l_kicker, State:0 >>>>>
2016-12-27 23:11:55,579 : INFO : SwitchController : <<<<< switch: s_l_jet, State:1 >>>>>
2016-12-27 23:11:55,698 : INFO : SwitchController : <<<<< switch: s_l_kicker, State:1 >>>>>
2016-12-27 23:11:55,728 : INFO : SwitchController : <<<<< switch: s_l_jet, State:0 >>>>>
2016-12-27 23:11:55,810 : INFO : SwitchController : <<<<< switch: s_l_kicker, State:0 >>>>>
2016-12-27 23:11:55,890 : INFO : SwitchController : <<<<< switch: s_l_jet, State:1 >>>>>
2016-12-27 23:11:55,987 : INFO : SwitchController : <<<<< switch: s_l_kicker, State:1 >>>>>
2016-12-27 23:11:56,013 : INFO : SwitchController : <<<<< switch: s_l_jet, State:0 >>>>>
2016-12-27 23:11:56,071 : INFO : SwitchController : <<<<< switch: s_l_kicker, State:0 >>>>>
2016-12-27 23:11:56,120 : INFO : SwitchController : <<<<< switch: s_l_jet, State:1 >>>>>
2016-12-27 23:11:56,245 : INFO : SwitchController : <<<<< switch: s_l_jet, State:0 >>>>>
2016-12-27 23:11:56,248 : INFO : SwitchController : <<<<< switch: s_l_kicker, State:1 >>>>>
2016-12-27 23:11:56,406 : INFO : SwitchController : <<<<< switch: s_l_jet, State:1 >>>>>
2016-12-27 23:11:56,445 : INFO : SwitchController : <<<<< switch: s_l_kicker, State:0 >>>>>
2016-12-27 23:11:56,526 : INFO : SwitchController : <<<<< switch: s_l_jet, State:0 >>>>>
2016-12-27 23:11:56,583 : INFO : SwitchController : <<<<< switch: s_l_kicker, State:1 >>>>>
2016-12-27 23:11:56,661 : INFO : SwitchController : <<<<< switch: s_l_kicker, State:0 >>>>>
2016-12-27 23:11:56,663 : INFO : SwitchController : <<<<< switch: s_l_jet, State:1 >>>>>
2016-12-27 23:11:56,804 : INFO : SwitchController : <<<<< switch: s_l_kicker, State:1 >>>>>
2016-12-27 23:11:56,847 : INFO : SwitchController : <<<<< switch: s_l_jet, State:0 >>>>>
2016-12-27 23:11:56,936 : INFO : SwitchController : <<<<< switch: s_l_kicker, State:0 >>>>>
2016-12-27 23:11:56,985 : INFO : SwitchController : <<<<< switch: s_l_jet, State:1 >>>>>
2016-12-27 23:11:57,114 : INFO : SwitchController : <<<<< switch: s_l_kicker, State:1 >>>>>
2016-12-27 23:11:57,116 : INFO : SwitchController : <<<<< switch: s_l_jet, State:0 >>>>>
2016-12-27 23:11:57,241 : INFO : SwitchController : <<<<< switch: s_l_kicker, State:0 >>>>>
2016-12-27 23:11:57,242 : INFO : SwitchController : <<<<< switch: s_l_jet, State:1 >>>>>
2016-12-27 23:11:57,365 : INFO : SwitchController : <<<<< switch: s_l_kicker, State:1 >>>>>
2016-12-27 23:11:57,412 : INFO : SwitchController : <<<<< switch: s_l_jet, State:0 >>>>>
2016-12-27 23:11:57,459 : INFO : SwitchController : <<<<< switch: s_l_kicker, State:0 >>>>>
2016-12-27 23:11:57,515 : INFO : SwitchController : <<<<< switch: s_l_jet, State:1 >>>>>
2016-12-27 23:11:57,594 : INFO : SwitchController : <<<<< switch: s_l_kicker, State:1 >>>>>
2016-12-27 23:11:57,633 : INFO : SwitchController : <<<<< switch: s_l_jet, State:0 >>>>>
2016-12-27 23:11:57,809 : INFO : SwitchController : <<<<< switch: s_l_jet, State:1 >>>>>
2016-12-27 23:11:57,882 : INFO : SwitchController : <<<<< switch: s_l_kicker, State:0 >>>>>
2016-12-27 23:11:57,884 : INFO : SwitchController : <<<<< switch: s_l_jet, State:0 >>>>>
2016-12-27 23:11:58,345 : INFO : SwitchController : <<<<< switch: s_l_jet, State:1 >>>>>
2016-12-27 23:11:58,430 : INFO : SwitchController : <<<<< switch: s_l_jet, State:0 >>>>>
2016-12-27 23:11:58,567 : INFO : SwitchController : <<<<< switch: s_l_kicker, State:1 >>>>>
2016-12-27 23:11:58,638 : INFO : SwitchController : <<<<< switch: s_l_kicker, State:0 >>>>>
2016-12-27 23:11:58,698 : INFO : SwitchController : <<<<< switch: s_l_jet, State:1 >>>>>
2016-12-27 23:11:58,772 : INFO : SwitchController : <<<<< switch: s_l_jet, State:0 >>>>>
2016-12-27 23:11:58,859 : INFO : SwitchController : <<<<< switch: s_l_kicker, State:1 >>>>>
2016-12-27 23:11:58,956 : INFO : SwitchController : <<<<< switch: s_l_kicker, State:0 >>>>>
2016-12-27 23:11:58,994 : INFO : SwitchController : <<<<< switch: s_l_jet, State:1 >>>>>
2016-12-27 23:11:59,070 : INFO : SwitchController : <<<<< switch: s_l_jet, State:0 >>>>>
2016-12-27 23:11:59,103 : INFO : SwitchController : <<<<< switch: s_l_kicker, State:1 >>>>>
2016-12-27 23:11:59,155 : INFO : SwitchController : <<<<< switch: s_l_kicker, State:0 >>>>>
2016-12-27 23:11:59,189 : INFO : SwitchController : <<<<< switch: s_l_jet, State:1 >>>>>
2016-12-27 23:11:59,283 : INFO : SwitchController : <<<<< switch: s_l_kicker, State:1 >>>>>
2016-12-27 23:11:59,326 : INFO : SwitchController : <<<<< switch: s_l_jet, State:0 >>>>>
2016-12-27 23:11:59,363 : INFO : SwitchController : <<<<< switch: s_l_kicker, State:0 >>>>>
2016-12-27 23:11:59,456 : INFO : SwitchController : <<<<< switch: s_l_jet, State:1 >>>>>
2016-12-27 23:11:59,579 : INFO : SwitchController : <<<<< switch: s_l_jet, State:0 >>>>>
2016-12-27 23:11:59,581 : INFO : SwitchController : <<<<< switch: s_l_kicker, State:1 >>>>>
2016-12-27 23:11:59,636 : INFO : SwitchController : <<<<< switch: s_l_kicker, State:0 >>>>>
2016-12-27 23:11:59,682 : INFO : SwitchController : <<<<< switch: s_l_jet, State:1 >>>>>
2016-12-27 23:11:59,762 : INFO : SwitchController : <<<<< switch: s_l_jet, State:0 >>>>>
2016-12-27 23:11:59,763 : INFO : SwitchController : <<<<< switch: s_l_kicker, State:1 >>>>>
2016-12-27 23:11:59,847 : INFO : SwitchController : <<<<< switch: s_l_kicker, State:0 >>>>>
2016-12-27 23:11:59,849 : INFO : SwitchController : <<<<< switch: s_l_jet, State:1 >>>>>
2016-12-27 23:11:59,934 : INFO : SwitchController : <<<<< switch: s_l_jet, State:0 >>>>>
2016-12-27 23:11:59,940 : INFO : SwitchController : <<<<< switch: s_l_kicker, State:1 >>>>>
2016-12-27 23:12:00,022 : INFO : SwitchController : <<<<< switch: s_l_kicker, State:0 >>>>>
2016-12-27 23:12:00,073 : INFO : SwitchController : <<<<< switch: s_l_jet, State:1 >>>>>
2016-12-27 23:12:00,092 : INFO : SwitchController : <<<<< switch: s_l_kicker, State:1 >>>>>
2016-12-27 23:12:00,106 : INFO : SwitchController : <<<<< switch: s_l_jet, State:0 >>>>>
2016-12-27 23:12:00,177 : INFO : SwitchController : <<<<< switch: s_l_kicker, State:0 >>>>>
2016-12-27 23:12:00,225 : INFO : SwitchController : <<<<< switch: s_l_jet, State:1 >>>>>
2016-12-27 23:12:00,244 : INFO : SwitchController : <<<<< switch: s_l_kicker, State:1 >>>>>
2016-12-27 23:12:00,268 : INFO : SwitchController : <<<<< switch: s_l_jet, State:0 >>>>>
2016-12-27 23:12:00,319 : INFO : SwitchController : <<<<< switch: s_l_kicker, State:0 >>>>>
2016-12-27 23:12:00,371 : INFO : SwitchController : <<<<< switch: s_l_jet, State:1 >>>>>
2016-12-27 23:12:00,414 : INFO : SwitchController : <<<<< switch: s_l_kicker, State:1 >>>>>
2016-12-27 23:12:00,455 : INFO : SwitchController : <<<<< switch: s_l_jet, State:0 >>>>>
2016-12-27 23:12:00,490 : INFO : SwitchController : <<<<< switch: s_l_kicker, State:0 >>>>>
2016-12-27 23:12:00,539 : INFO : SwitchController : <<<<< switch: s_l_jet, State:1 >>>>>
2016-12-27 23:12:00,558 : INFO : SwitchController : <<<<< switch: s_l_kicker, State:1 >>>>>
2016-12-27 23:12:00,602 : INFO : SwitchController : <<<<< switch: s_l_jet, State:0 >>>>>
2016-12-27 23:12:00,638 : INFO : SwitchController : <<<<< switch: s_l_kicker, State:0 >>>>>
2016-12-27 23:12:00,717 : INFO : SwitchController : <<<<< switch: s_l_jet, State:1 >>>>>
2016-12-27 23:12:00,758 : INFO : SwitchController : <<<<< switch: s_l_kicker, State:1 >>>>>
2016-12-27 23:12:00,760 : INFO : SwitchController : <<<<< switch: s_l_jet, State:0 >>>>>
2016-12-27 23:12:00,838 : INFO : SwitchController : <<<<< switch: s_l_kicker, State:0 >>>>>
2016-12-27 23:12:00,873 : INFO : SwitchController : <<<<< switch: s_l_jet, State:1 >>>>>
2016-12-27 23:12:00,916 : INFO : SwitchController : <<<<< switch: s_l_kicker, State:1 >>>>>
2016-12-27 23:12:00,960 : INFO : SwitchController : <<<<< switch: s_l_jet, State:0 >>>>>
2016-12-27 23:12:00,997 : INFO : SwitchController : <<<<< switch: s_l_kicker, State:0 >>>>>
2016-12-27 23:12:01,060 : INFO : SwitchController : <<<<< switch: s_l_jet, State:1 >>>>>
2016-12-27 23:12:01,088 : INFO : SwitchController : <<<<< switch: s_l_kicker, State:1 >>>>>
2016-12-27 23:12:01,143 : INFO : SwitchController : <<<<< switch: s_l_jet, State:0 >>>>>
2016-12-27 23:12:01,187 : INFO : SwitchController : <<<<< switch: s_l_kicker, State:0 >>>>>
2016-12-27 23:12:01,230 : INFO : SwitchController : <<<<< switch: s_l_jet, State:1 >>>>>
2016-12-27 23:12:01,276 : INFO : SwitchController : <<<<< switch: s_l_kicker, State:1 >>>>>
2016-12-27 23:12:01,306 : INFO : SwitchController : <<<<< switch: s_l_jet, State:0 >>>>>
2016-12-27 23:12:01,344 : INFO : SwitchController : <<<<< switch: s_l_kicker, State:0 >>>>>
2016-12-27 23:12:01,416 : INFO : SwitchController : <<<<< switch: s_l_jet, State:1 >>>>>
2016-12-27 23:12:01,419 : INFO : SwitchController : <<<<< switch: s_l_kicker, State:1 >>>>>
2016-12-27 23:12:01,469 : INFO : SwitchController : <<<<< switch: s_l_jet, State:0 >>>>>
2016-12-27 23:12:01,509 : INFO : SwitchController : <<<<< switch: s_l_kicker, State:0 >>>>>
2016-12-27 23:12:01,590 : INFO : SwitchController : <<<<< switch: s_l_jet, State:1 >>>>>
2016-12-27 23:12:01,628 : INFO : SwitchController : <<<<< switch: s_l_kicker, State:1 >>>>>
2016-12-27 23:12:01,703 : INFO : SwitchController : <<<<< switch: s_l_jet, State:0 >>>>>
2016-12-27 23:12:01,705 : INFO : SwitchController : <<<<< switch: s_l_kicker, State:0 >>>>>
2016-12-27 23:12:01,795 : INFO : SwitchController : <<<<< switch: s_l_kicker, State:1 >>>>>
2016-12-27 23:12:01,886 : INFO : SwitchController : <<<<< switch: s_l_kicker, State:0 >>>>>
2016-12-27 23:12:01,888 : INFO : SwitchController : <<<<< switch: s_l_jet, State:1 >>>>>
2016-12-27 23:12:01,957 : INFO : SwitchController : <<<<< switch: s_l_jet, State:0 >>>>>
2016-12-27 23:12:01,974 : INFO : SwitchController : <<<<< switch: s_l_kicker, State:1 >>>>>
2016-12-27 23:12:02,058 : INFO : SwitchController : <<<<< switch: s_l_kicker, State:0 >>>>>
2016-12-27 23:12:02,061 : INFO : SwitchController : <<<<< switch: s_l_jet, State:1 >>>>>
2016-12-27 23:12:02,135 : INFO : SwitchController : <<<<< switch: s_l_jet, State:0 >>>>>
2016-12-27 23:12:02,148 : INFO : SwitchController : <<<<< switch: s_l_kicker, State:1 >>>>>
2016-12-27 23:12:02,230 : INFO : SwitchController : <<<<< switch: s_l_kicker, State:0 >>>>>
2016-12-27 23:12:02,232 : INFO : SwitchController : <<<<< switch: s_l_jet, State:1 >>>>>
2016-12-27 23:12:02,302 : INFO : SwitchController : <<<<< switch: s_l_jet, State:0 >>>>>
2016-12-27 23:12:02,348 : INFO : SwitchController : <<<<< switch: s_l_kicker, State:1 >>>>>
2016-12-27 23:12:02,392 : INFO : SwitchController : <<<<< switch: s_l_kicker, State:0 >>>>>
2016-12-27 23:12:02,394 : INFO : SwitchController : <<<<< switch: s_l_jet, State:1 >>>>>
2016-12-27 23:12:02,485 : INFO : SwitchController : <<<<< switch: s_l_jet, State:0 >>>>>
2016-12-27 23:12:02,497 : INFO : SwitchController : <<<<< switch: s_l_kicker, State:1 >>>>>
2016-12-27 23:12:02,571 : INFO : SwitchController : <<<<< switch: s_l_kicker, State:0 >>>>>
2016-12-27 23:12:02,573 : INFO : SwitchController : <<<<< switch: s_l_jet, State:1 >>>>>
2016-12-27 23:12:02,662 : INFO : SwitchController : <<<<< switch: s_l_jet, State:0 >>>>>
2016-12-27 23:12:02,676 : INFO : SwitchController : <<<<< switch: s_l_kicker, State:1 >>>>>
2016-12-27 23:12:02,761 : INFO : SwitchController : <<<<< switch: s_l_kicker, State:0 >>>>>
2016-12-27 23:12:02,763 : INFO : SwitchController : <<<<< switch: s_l_jet, State:1 >>>>>
2016-12-27 23:12:02,835 : INFO : SwitchController : <<<<< switch: s_l_jet, State:0 >>>>>
2016-12-27 23:12:02,881 : INFO : SwitchController : <<<<< switch: s_l_kicker, State:1 >>>>>
2016-12-27 23:12:02,927 : INFO : SwitchController : <<<<< switch: s_l_jet, State:1 >>>>>
2016-12-27 23:12:02,952 : INFO : SwitchController : <<<<< switch: s_l_kicker, State:0 >>>>>
2016-12-27 23:12:03,017 : INFO : SwitchController : <<<<< switch: s_l_jet, State:0 >>>>>
2016-12-27 23:12:03,064 : INFO : SwitchController : <<<<< switch: s_l_kicker, State:1 >>>>>
2016-12-27 23:12:03,106 : INFO : SwitchController : <<<<< switch: s_l_jet, State:1 >>>>>
2016-12-27 23:12:03,152 : INFO : SwitchController : <<<<< switch: s_l_kicker, State:0 >>>>>
2016-12-27 23:12:03,198 : INFO : SwitchController : <<<<< switch: s_l_jet, State:0 >>>>>
2016-12-27 23:12:03,247 : INFO : SwitchController : <<<<< switch: s_l_kicker, State:1 >>>>>
2016-12-27 23:12:03,335 : INFO : SwitchController : <<<<< switch: s_l_jet, State:1 >>>>>
2016-12-27 23:12:03,339 : INFO : SwitchController : <<<<< switch: s_l_kicker, State:0 >>>>>
2016-12-27 23:12:03,385 : INFO : SwitchController : <<<<< switch: s_l_jet, State:0 >>>>>
2016-12-27 23:12:03,436 : INFO : SwitchController : <<<<< switch: s_l_kicker, State:1 >>>>>
2016-12-27 23:12:03,512 : INFO : SwitchController : <<<<< switch: s_l_jet, State:1 >>>>>
2016-12-27 23:12:03,550 : INFO : SwitchController : <<<<< switch: s_l_kicker, State:0 >>>>>
2016-12-27 23:12:03,587 : INFO : SwitchController : <<<<< switch: s_l_jet, State:0 >>>>>
2016-12-27 23:12:03,660 : INFO : SwitchController : <<<<< switch: s_l_kicker, State:1 >>>>>
2016-12-27 23:12:03,703 : INFO : SwitchController : <<<<< switch: s_l_jet, State:1 >>>>>
2016-12-27 23:12:03,727 : INFO : SwitchController : <<<<< switch: s_l_kicker, State:0 >>>>>
2016-12-27 23:12:03,792 : INFO : SwitchController : <<<<< switch: s_l_jet, State:0 >>>>>
2016-12-27 23:12:03,841 : INFO : SwitchController : <<<<< switch: s_l_kicker, State:1 >>>>>
2016-12-27 23:12:03,896 : INFO : SwitchController : <<<<< switch: s_l_jet, State:1 >>>>>
2016-12-27 23:12:03,935 : INFO : SwitchController : <<<<< switch: s_l_kicker, State:0 >>>>>
2016-12-27 23:12:03,981 : INFO : SwitchController : <<<<< switch: s_l_jet, State:0 >>>>>
2016-12-27 23:12:04,063 : INFO : SwitchController : <<<<< switch: s_l_kicker, State:1 >>>>>
2016-12-27 23:12:04,087 : INFO : SwitchController : <<<<< switch: s_l_jet, State:1 >>>>>
2016-12-27 23:12:04,121 : INFO : SwitchController : <<<<< switch: s_l_kicker, State:0 >>>>>
2016-12-27 23:12:04,201 : INFO : SwitchController : <<<<< switch: s_l_jet, State:0 >>>>>
2016-12-27 23:12:04,247 : INFO : SwitchController : <<<<< switch: s_l_kicker, State:1 >>>>>
2016-12-27 23:12:04,294 : INFO : SwitchController : <<<<< switch: s_l_jet, State:1 >>>>>
2016-12-27 23:12:04,341 : INFO : SwitchController : <<<<< switch: s_l_kicker, State:0 >>>>>
2016-12-27 23:12:04,389 : INFO : SwitchController : <<<<< switch: s_l_jet, State:0 >>>>>
2016-12-27 23:12:04,436 : INFO : SwitchController : <<<<< switch: s_l_kicker, State:1 >>>>>
2016-12-27 23:12:04,510 : INFO : SwitchController : <<<<< switch: s_l_jet, State:1 >>>>>
2016-12-27 23:12:04,530 : INFO : SwitchController : <<<<< switch: s_l_kicker, State:0 >>>>>
2016-12-27 23:12:04,569 : INFO : SwitchController : <<<<< switch: s_l_jet, State:0 >>>>>
2016-12-27 23:12:04,646 : INFO : SwitchController : <<<<< switch: s_l_kicker, State:1 >>>>>
2016-12-27 23:12:04,689 : INFO : SwitchController : <<<<< switch: s_l_jet, State:1 >>>>>
2016-12-27 23:12:04,744 : INFO : SwitchController : <<<<< switch: s_l_kicker, State:0 >>>>>
2016-12-27 23:12:04,787 : INFO : SwitchController : <<<<< switch: s_l_jet, State:0 >>>>>
2016-12-27 23:12:04,841 : INFO : SwitchController : <<<<< switch: s_l_kicker, State:1 >>>>>
2016-12-27 23:12:04,916 : INFO : SwitchController : <<<<< switch: s_l_jet, State:1 >>>>>
2016-12-27 23:12:04,939 : INFO : SwitchController : <<<<< switch: s_l_kicker, State:0 >>>>>
2016-12-27 23:12:05,007 : INFO : SwitchController : <<<<< switch: s_l_jet, State:0 >>>>>
2016-12-27 23:12:05,057 : INFO : SwitchController : <<<<< switch: s_l_kicker, State:1 >>>>>
2016-12-27 23:12:05,126 : INFO : SwitchController : <<<<< switch: s_l_jet, State:1 >>>>>
2016-12-27 23:12:05,151 : INFO : SwitchController : <<<<< switch: s_l_kicker, State:0 >>>>>
2016-12-27 23:12:05,214 : INFO : SwitchController : <<<<< switch: s_l_jet, State:0 >>>>>
2016-12-27 23:12:05,264 : INFO : SwitchController : <<<<< switch: s_l_kicker, State:1 >>>>>
2016-12-27 23:12:05,354 : INFO : SwitchController : <<<<< switch: s_l_kicker, State:0 >>>>>
2016-12-27 23:12:05,356 : INFO : SwitchController : <<<<< switch: s_l_jet, State:1 >>>>>
2016-12-27 23:12:05,411 : INFO : SwitchController : <<<<< switch: s_l_jet, State:0 >>>>>
2016-12-27 23:12:05,459 : INFO : SwitchController : <<<<< switch: s_l_kicker, State:1 >>>>>
2016-12-27 23:12:05,538 : INFO : SwitchController : <<<<< switch: s_l_jet, State:1 >>>>>
2016-12-27 23:12:05,539 : INFO : SwitchController : <<<<< switch: s_l_kicker, State:0 >>>>>
2016-12-27 23:12:05,610 : INFO : SwitchController : <<<<< switch: s_l_jet, State:0 >>>>>
2016-12-27 23:12:05,656 : INFO : SwitchController : <<<<< switch: s_l_kicker, State:1 >>>>>
2016-12-27 23:12:05,746 : INFO : SwitchController : <<<<< switch: s_l_kicker, State:0 >>>>>
2016-12-27 23:12:05,749 : INFO : SwitchController : <<<<< switch: s_l_jet, State:1 >>>>>
2016-12-27 23:12:05,795 : INFO : SwitchController : <<<<< switch: s_l_jet, State:0 >>>>>
2016-12-27 23:12:05,853 : INFO : SwitchController : <<<<< switch: s_l_kicker, State:1 >>>>>
2016-12-27 23:12:05,889 : INFO : SwitchController : <<<<< switch: s_l_jet, State:1 >>>>>
2016-12-27 23:12:05,960 : INFO : SwitchController : <<<<< switch: s_l_kicker, State:0 >>>>>
2016-12-27 23:12:06,007 : INFO : SwitchController : <<<<< switch: s_l_jet, State:0 >>>>>
2016-12-27 23:12:06,054 : INFO : SwitchController : <<<<< switch: s_l_kicker, State:1 >>>>>
2016-12-27 23:12:06,073 : INFO : SwitchController : <<<<< switch: s_l_jet, State:1 >>>>>
2016-12-27 23:12:06,149 : INFO : SwitchController : <<<<< switch: s_l_kicker, State:0 >>>>>
2016-12-27 23:12:06,190 : INFO : SwitchController : <<<<< switch: s_l_jet, State:0 >>>>>
2016-12-27 23:12:06,238 : INFO : SwitchController : <<<<< switch: s_l_kicker, State:1 >>>>>
2016-12-27 23:12:06,279 : INFO : SwitchController : <<<<< switch: s_l_jet, State:1 >>>>>
2016-12-27 23:12:06,318 : INFO : SwitchController : <<<<< switch: s_l_kicker, State:0 >>>>>
2016-12-27 23:12:06,351 : INFO : SwitchController : <<<<< switch: s_l_jet, State:0 >>>>>
2016-12-27 23:12:06,459 : INFO : SwitchController : <<<<< switch: s_l_jet, State:1 >>>>>
2016-12-27 23:12:06,462 : INFO : SwitchController : <<<<< switch: s_l_kicker, State:1 >>>>>
2016-12-27 23:12:06,532 : INFO : SwitchController : <<<<< switch: s_l_jet, State:0 >>>>>
2016-12-27 23:12:06,533 : INFO : SwitchController : <<<<< switch: s_l_kicker, State:0 >>>>>
2016-12-27 23:12:06,619 : INFO : SwitchController : <<<<< switch: s_l_jet, State:1 >>>>>
2016-12-27 23:12:06,623 : INFO : SwitchController : <<<<< switch: s_l_kicker, State:1 >>>>>
2016-12-27 23:12:06,703 : INFO : SwitchController : <<<<< switch: s_l_jet, State:0 >>>>>
2016-12-27 23:12:06,705 : INFO : SwitchController : <<<<< switch: s_l_kicker, State:0 >>>>>
2016-12-27 23:12:06,797 : INFO : SwitchController : <<<<< switch: s_l_jet, State:1 >>>>>
2016-12-27 23:12:06,800 : INFO : SwitchController : <<<<< switch: s_l_kicker, State:1 >>>>>
2016-12-27 23:12:06,892 : INFO : SwitchController : <<<<< switch: s_l_jet, State:0 >>>>>
2016-12-27 23:12:06,894 : INFO : SwitchController : <<<<< switch: s_l_kicker, State:0 >>>>>
2016-12-27 23:12:06,938 : INFO : SwitchController : <<<<< switch: s_l_jet, State:1 >>>>>
2016-12-27 23:12:06,964 : INFO : SwitchController : <<<<< switch: s_l_kicker, State:1 >>>>>
2016-12-27 23:12:07,035 : INFO : SwitchController : <<<<< switch: s_l_jet, State:0 >>>>>
2016-12-27 23:12:07,036 : INFO : SwitchController : <<<<< switch: s_l_kicker, State:0 >>>>>
2016-12-27 23:12:07,038 : INFO : SwitchController : <<<<< switch: s_l_jet, State:1 >>>>>
2016-12-27 23:12:07,106 : INFO : SwitchController : <<<<< switch: s_l_kicker, State:1 >>>>>
2016-12-27 23:12:07,165 : INFO : SwitchController : <<<<< switch: s_l_jet, State:0 >>>>>
2016-12-27 23:12:07,166 : INFO : SwitchController : <<<<< switch: s_l_kicker, State:0 >>>>>
2016-12-27 23:12:07,208 : INFO : SwitchController : <<<<< switch: s_l_kicker, State:1 >>>>>
2016-12-27 23:12:07,247 : INFO : SwitchController : <<<<< switch: s_l_jet, State:1 >>>>>
2016-12-27 23:12:07,250 : INFO : SwitchController : <<<<< switch: s_l_jet, State:0 >>>>>
2016-12-27 23:12:07,287 : INFO : SwitchController : <<<<< switch: s_l_kicker, State:0 >>>>>
2016-12-27 23:12:07,329 : INFO : SwitchController : <<<<< switch: s_l_jet, State:1 >>>>>
2016-12-27 23:12:07,331 : INFO : SwitchController : <<<<< switch: s_l_kicker, State:1 >>>>>
2016-12-27 23:12:07,402 : INFO : SwitchController : <<<<< switch: s_l_jet, State:0 >>>>>
2016-12-27 23:12:07,404 : INFO : SwitchController : <<<<< switch: s_l_kicker, State:0 >>>>>
2016-12-27 23:12:07,450 : INFO : SwitchController : <<<<< switch: s_l_jet, State:1 >>>>>
2016-12-27 23:12:07,453 : INFO : SwitchController : <<<<< switch: s_l_kicker, State:1 >>>>>
2016-12-27 23:12:07,500 : INFO : SwitchController : <<<<< switch: s_l_jet, State:0 >>>>>
2016-12-27 23:12:07,550 : INFO : SwitchController : <<<<< switch: s_l_jet, State:1 >>>>>
2016-12-27 23:12:07,587 : INFO : SwitchController : <<<<< switch: s_l_jet, State:0 >>>>>
2016-12-27 23:12:07,628 : INFO : SwitchController : <<<<< switch: s_l_kicker, State:0 >>>>>
2016-12-27 23:12:07,664 : INFO : SwitchController : <<<<< switch: s_l_jet, State:1 >>>>>
2016-12-27 23:12:07,665 : INFO : SwitchController : <<<<< switch: s_l_kicker, State:1 >>>>>
2016-12-27 23:12:07,710 : INFO : SwitchController : <<<<< switch: s_l_jet, State:0 >>>>>
2016-12-27 23:12:07,758 : INFO : SwitchController : <<<<< switch: s_l_kicker, State:0 >>>>>
2016-12-27 23:12:07,759 : INFO : SwitchController : <<<<< switch: s_l_jet, State:1 >>>>>
2016-12-27 23:12:07,782 : INFO : SwitchController : <<<<< switch: s_l_jet, State:0 >>>>>
2016-12-27 23:12:07,818 : INFO : SwitchController : <<<<< switch: s_l_kicker, State:1 >>>>>
2016-12-27 23:12:07,889 : INFO : SwitchController : <<<<< switch: s_l_kicker, State:0 >>>>>
2016-12-27 23:12:07,939 : INFO : SwitchController : <<<<< switch: s_l_kicker, State:1 >>>>>
2016-12-27 23:12:07,978 : INFO : SwitchController : <<<<< switch: s_l_kicker, State:0 >>>>>
2016-12-27 23:12:07,979 : INFO : SwitchController : <<<<< switch: s_l_jet, State:1 >>>>>
2016-12-27 23:12:08,014 : INFO : SwitchController : <<<<< switch: s_l_jet, State:0 >>>>>
2016-12-27 23:12:08,048 : INFO : SwitchController : <<<<< switch: s_l_kicker, State:1 >>>>>
2016-12-27 23:12:08,066 : INFO : SwitchController : <<<<< switch: s_l_jet, State:1 >>>>>
2016-12-27 23:12:08,091 : INFO : SwitchController : <<<<< switch: s_l_kicker, State:0 >>>>>
2016-12-27 23:12:08,140 : INFO : SwitchController : <<<<< switch: s_l_jet, State:0 >>>>>
2016-12-27 23:12:12,081 : INFO : Machine : Shutting down...
2016-12-27 23:12:12,085 : INFO : root : MPF run loop ended.
