2016-12-27 23:18:17,654 : INFO : Machine : Mission Pinball Framework Core Engine v0.32.6
2016-12-27 23:18:17,654 : INFO : Machine : Machine path: C:\pinball\redskullstest
2016-12-27 23:18:18,295 : INFO : Machine : Loading config from original files
2016-12-27 23:18:18,448 : INFO : Machine : Machine config file #1: C:\pinball\redskullstest\config\config
2016-12-27 23:18:18,744 : INFO : Machine : Config file cache created: C:\Users\Customer\AppData\Local\Temp\f6eef2de233280d1dd6b1c0885b8cc32config
2016-12-27 23:18:19,401 : INFO : BCPClientSocket.local_display : Connecting BCP to 'local_display' at localhost:5050...
2016-12-27 23:19:00,311 : INFO : BCPClientSocket.local_display : Connected BCP to 'local_display' localhost:5050
2016-12-27 23:19:00,568 : INFO : Mode.tilt : Mode Starting. Priority: 1000000
2016-12-27 23:19:00,570 : INFO : SwitchController : Active Switch|s_l_trough
2016-12-27 23:19:00,570 : INFO : SwitchController : Active Switch|s_r_trough
2016-12-27 23:19:00,571 : INFO : Mode.service : Mode Starting. Priority: 100000
2016-12-27 23:19:00,577 : INFO : Mode.attract : Mode Starting. Priority: 10
2016-12-27 23:19:05,194 : INFO : SwitchController : <<<<< switch: s_credit_button, State:1 >>>>>
2016-12-27 23:19:05,289 : INFO : SwitchController : <<<<< switch: s_credit_button, State:0 >>>>>
2016-12-27 23:19:05,291 : INFO : Mode.game : Mode Starting. Priority: 20
2016-12-27 23:19:05,295 : INFO : Mode.game : Player added successfully. Total players: 1
2016-12-27 23:19:05,296 : INFO : Mode.base : Mode Starting. Priority: 100
2016-12-27 23:19:05,314 : INFO : SwitchController : <<<<< switch: s_r_trough, State:0 >>>>>
2016-12-27 23:19:05,406 : INFO : SwitchController : <<<<< switch: s_ball_shooter, State:1 >>>>>
2016-12-27 23:19:06,878 : INFO : SwitchController : <<<<< switch: s_ball_shooter, State:0 >>>>>
2016-12-27 23:19:12,295 : INFO : SwitchController : <<<<< switch: s_l_jet, State:1 >>>>>
2016-12-27 23:19:12,472 : INFO : SwitchController : <<<<< switch: s_l_jet, State:0 >>>>>
2016-12-27 23:19:12,769 : INFO : SwitchController : <<<<< switch: s_l_kicker, State:1 >>>>>
2016-12-27 23:19:12,945 : INFO : SwitchController : <<<<< switch: s_l_kicker, State:0 >>>>>
2016-12-27 23:19:12,982 : INFO : SwitchController : <<<<< switch: s_l_jet, State:1 >>>>>
2016-12-27 23:19:13,121 : INFO : SwitchController : <<<<< switch: s_l_kicker, State:1 >>>>>
2016-12-27 23:19:13,160 : INFO : SwitchController : <<<<< switch: s_l_jet, State:0 >>>>>
2016-12-27 23:19:13,275 : INFO : SwitchController : <<<<< switch: s_l_kicker, State:0 >>>>>
2016-12-27 23:19:13,275 : INFO : SwitchController : <<<<< switch: s_l_jet, State:1 >>>>>
2016-12-27 23:19:13,414 : INFO : SwitchController : <<<<< switch: s_l_kicker, State:1 >>>>>
2016-12-27 23:19:13,454 : INFO : SwitchController : <<<<< switch: s_l_jet, State:0 >>>>>
2016-12-27 23:19:13,568 : INFO : SwitchController : <<<<< switch: s_l_kicker, State:0 >>>>>
2016-12-27 23:19:13,590 : INFO : SwitchController : <<<<< switch: s_l_jet, State:1 >>>>>
2016-12-27 23:19:13,707 : INFO : SwitchController : <<<<< switch: s_l_kicker, State:1 >>>>>
2016-12-27 23:19:13,747 : INFO : SwitchController : <<<<< switch: s_l_jet, State:0 >>>>>
2016-12-27 23:19:13,860 : INFO : SwitchController : <<<<< switch: s_l_kicker, State:0 >>>>>
2016-12-27 23:19:13,861 : INFO : SwitchController : <<<<< switch: s_l_jet, State:1 >>>>>
2016-12-27 23:19:14,035 : INFO : SwitchController : <<<<< switch: s_l_jet, State:0 >>>>>
2016-12-27 23:19:14,036 : INFO : SwitchController : <<<<< switch: s_l_kicker, State:1 >>>>>
2016-12-27 23:19:14,115 : INFO : SwitchController : <<<<< switch: s_l_kicker, State:0 >>>>>
2016-12-27 23:19:14,151 : INFO : SwitchController : <<<<< switch: s_l_jet, State:1 >>>>>
2016-12-27 23:19:14,270 : INFO : SwitchController : <<<<< switch: s_l_kicker, State:1 >>>>>
2016-12-27 23:19:14,310 : INFO : SwitchController : <<<<< switch: s_l_jet, State:0 >>>>>
2016-12-27 23:19:14,424 : INFO : SwitchController : <<<<< switch: s_l_kicker, State:0 >>>>>
2016-12-27 23:19:14,424 : INFO : SwitchController : <<<<< switch: s_l_jet, State:1 >>>>>
2016-12-27 23:19:14,542 : INFO : SwitchController : <<<<< switch: s_l_kicker, State:1 >>>>>
2016-12-27 23:19:14,601 : INFO : SwitchController : <<<<< switch: s_l_jet, State:0 >>>>>
2016-12-27 23:19:14,658 : INFO : SwitchController : <<<<< switch: s_l_kicker, State:0 >>>>>
2016-12-27 23:19:14,718 : INFO : SwitchController : <<<<< switch: s_l_jet, State:1 >>>>>
2016-12-27 23:19:14,835 : INFO : SwitchController : <<<<< switch: s_l_kicker, State:1 >>>>>
2016-12-27 23:19:14,859 : INFO : SwitchController : <<<<< switch: s_l_jet, State:0 >>>>>
2016-12-27 23:19:14,953 : INFO : SwitchController : <<<<< switch: s_l_kicker, State:0 >>>>>
2016-12-27 23:19:14,974 : INFO : SwitchController : <<<<< switch: s_l_jet, State:1 >>>>>
2016-12-27 23:19:15,091 : INFO : SwitchController : <<<<< switch: s_l_kicker, State:1 >>>>>
2016-12-27 23:19:15,130 : INFO : SwitchController : <<<<< switch: s_l_jet, State:0 >>>>>
2016-12-27 23:19:15,207 : INFO : SwitchController : <<<<< switch: s_l_kicker, State:0 >>>>>
2016-12-27 23:19:15,244 : INFO : SwitchController : <<<<< switch: s_l_jet, State:1 >>>>>
2016-12-27 23:19:15,361 : INFO : SwitchController : <<<<< switch: s_l_jet, State:0 >>>>>
2016-12-27 23:19:15,361 : INFO : SwitchController : <<<<< switch: s_l_kicker, State:1 >>>>>
2016-12-27 23:19:15,440 : INFO : SwitchController : <<<<< switch: s_l_kicker, State:0 >>>>>
2016-12-27 23:19:15,478 : INFO : SwitchController : <<<<< switch: s_l_jet, State:1 >>>>>
2016-12-27 23:19:15,594 : INFO : SwitchController : <<<<< switch: s_l_kicker, State:1 >>>>>
2016-12-27 23:19:15,617 : INFO : SwitchController : <<<<< switch: s_l_jet, State:0 >>>>>
2016-12-27 23:19:15,710 : INFO : SwitchController : <<<<< switch: s_l_kicker, State:0 >>>>>
2016-12-27 23:19:15,769 : INFO : SwitchController : <<<<< switch: s_l_jet, State:1 >>>>>
2016-12-27 23:19:15,885 : INFO : SwitchController : <<<<< switch: s_l_kicker, State:1 >>>>>
2016-12-27 23:19:15,909 : INFO : SwitchController : <<<<< switch: s_l_jet, State:0 >>>>>
2016-12-27 23:19:16,025 : INFO : SwitchController : <<<<< switch: s_l_kicker, State:0 >>>>>
2016-12-27 23:19:16,025 : INFO : SwitchController : <<<<< switch: s_l_jet, State:1 >>>>>
2016-12-27 23:19:16,179 : INFO : SwitchController : <<<<< switch: s_l_jet, State:0 >>>>>
2016-12-27 23:19:16,179 : INFO : SwitchController : <<<<< switch: s_l_kicker, State:1 >>>>>
2016-12-27 23:19:16,298 : INFO : SwitchController : <<<<< switch: s_l_kicker, State:0 >>>>>
2016-12-27 23:19:16,356 : INFO : SwitchController : <<<<< switch: s_l_jet, State:1 >>>>>
2016-12-27 23:19:16,415 : INFO : SwitchController : <<<<< switch: s_l_kicker, State:1 >>>>>
2016-12-27 23:19:16,474 : INFO : SwitchController : <<<<< switch: s_l_jet, State:0 >>>>>
2016-12-27 23:19:16,533 : INFO : SwitchController : <<<<< switch: s_l_kicker, State:0 >>>>>
2016-12-27 23:19:16,591 : INFO : SwitchController : <<<<< switch: s_l_jet, State:1 >>>>>
2016-12-27 23:19:16,709 : INFO : SwitchController : <<<<< switch: s_l_jet, State:0 >>>>>
2016-12-27 23:19:16,847 : INFO : SwitchController : <<<<< switch: s_l_jet, State:1 >>>>>
2016-12-27 23:19:16,847 : INFO : SwitchController : <<<<< switch: s_l_kicker, State:1 >>>>>
2016-12-27 23:19:16,943 : INFO : SwitchController : <<<<< switch: s_l_jet, State:0 >>>>>
2016-12-27 23:19:16,943 : INFO : SwitchController : <<<<< switch: s_l_kicker, State:0 >>>>>
2016-12-27 23:19:17,001 : INFO : SwitchController : <<<<< switch: s_l_jet, State:1 >>>>>
2016-12-27 23:19:17,002 : INFO : SwitchController : <<<<< switch: s_l_kicker, State:1 >>>>>
2016-12-27 23:19:17,061 : INFO : SwitchController : <<<<< switch: s_l_jet, State:0 >>>>>
2016-12-27 23:19:17,061 : INFO : SwitchController : <<<<< switch: s_l_kicker, State:0 >>>>>
2016-12-27 23:19:17,120 : INFO : SwitchController : <<<<< switch: s_l_jet, State:1 >>>>>
2016-12-27 23:19:17,120 : INFO : SwitchController : <<<<< switch: s_l_kicker, State:1 >>>>>
2016-12-27 23:19:17,180 : INFO : SwitchController : <<<<< switch: s_l_jet, State:0 >>>>>
2016-12-27 23:19:17,180 : INFO : SwitchController : <<<<< switch: s_l_kicker, State:0 >>>>>
2016-12-27 23:19:17,238 : INFO : SwitchController : <<<<< switch: s_l_jet, State:1 >>>>>
2016-12-27 23:19:17,239 : INFO : SwitchController : <<<<< switch: s_l_kicker, State:1 >>>>>
2016-12-27 23:19:17,297 : INFO : SwitchController : <<<<< switch: s_l_jet, State:0 >>>>>
2016-12-27 23:19:17,297 : INFO : SwitchController : <<<<< switch: s_l_kicker, State:0 >>>>>
2016-12-27 23:19:17,377 : INFO : SwitchController : <<<<< switch: s_l_jet, State:1 >>>>>
2016-12-27 23:19:17,378 : INFO : SwitchController : <<<<< switch: s_l_kicker, State:1 >>>>>
2016-12-27 23:19:17,419 : INFO : SwitchController : <<<<< switch: s_l_jet, State:0 >>>>>
2016-12-27 23:19:17,419 : INFO : SwitchController : <<<<< switch: s_l_kicker, State:0 >>>>>
2016-12-27 23:19:17,472 : INFO : SwitchController : <<<<< switch: s_l_jet, State:1 >>>>>
2016-12-27 23:19:17,473 : INFO : SwitchController : <<<<< switch: s_l_kicker, State:1 >>>>>
2016-12-27 23:19:17,532 : INFO : SwitchController : <<<<< switch: s_l_jet, State:0 >>>>>
2016-12-27 23:19:17,533 : INFO : SwitchController : <<<<< switch: s_l_kicker, State:0 >>>>>
2016-12-27 23:19:17,590 : INFO : SwitchController : <<<<< switch: s_l_jet, State:1 >>>>>
2016-12-27 23:19:17,591 : INFO : SwitchController : <<<<< switch: s_l_kicker, State:1 >>>>>
2016-12-27 23:19:17,650 : INFO : SwitchController : <<<<< switch: s_l_jet, State:0 >>>>>
2016-12-27 23:19:17,650 : INFO : SwitchController : <<<<< switch: s_l_kicker, State:0 >>>>>
2016-12-27 23:19:17,708 : INFO : SwitchController : <<<<< switch: s_l_jet, State:1 >>>>>
2016-12-27 23:19:17,709 : INFO : SwitchController : <<<<< switch: s_l_kicker, State:1 >>>>>
2016-12-27 23:19:17,768 : INFO : SwitchController : <<<<< switch: s_l_jet, State:0 >>>>>
2016-12-27 23:19:17,769 : INFO : SwitchController : <<<<< switch: s_l_kicker, State:0 >>>>>
2016-12-27 23:19:17,827 : INFO : SwitchController : <<<<< switch: s_l_jet, State:1 >>>>>
2016-12-27 23:19:17,828 : INFO : SwitchController : <<<<< switch: s_l_kicker, State:1 >>>>>
2016-12-27 23:19:17,853 : INFO : SwitchController : <<<<< switch: s_l_jet, State:0 >>>>>
2016-12-27 23:19:17,853 : INFO : SwitchController : <<<<< switch: s_l_kicker, State:0 >>>>>
2016-12-27 23:19:17,946 : INFO : SwitchController : <<<<< switch: s_l_jet, State:1 >>>>>
2016-12-27 23:19:17,968 : INFO : SwitchController : <<<<< switch: s_l_jet, State:0 >>>>>
2016-12-27 23:19:18,202 : INFO : SwitchController : <<<<< switch: s_l_kicker, State:1 >>>>>
2016-12-27 23:19:18,259 : INFO : SwitchController : <<<<< switch: s_l_kicker, State:0 >>>>>
2016-12-27 23:19:18,354 : INFO : SwitchController : <<<<< switch: s_l_kicker, State:1 >>>>>
2016-12-27 23:19:18,377 : INFO : SwitchController : <<<<< switch: s_l_jet, State:1 >>>>>
2016-12-27 23:19:18,415 : INFO : SwitchController : <<<<< switch: s_l_jet, State:0 >>>>>
2016-12-27 23:19:18,415 : INFO : SwitchController : <<<<< switch: s_l_kicker, State:0 >>>>>
2016-12-27 23:19:18,529 : INFO : SwitchController : <<<<< switch: s_l_jet, State:1 >>>>>
2016-12-27 23:19:18,530 : INFO : SwitchController : <<<<< switch: s_l_kicker, State:1 >>>>>
2016-12-27 23:19:18,555 : INFO : SwitchController : <<<<< switch: s_l_jet, State:0 >>>>>
2016-12-27 23:19:18,555 : INFO : SwitchController : <<<<< switch: s_l_kicker, State:0 >>>>>
2016-12-27 23:19:18,646 : INFO : SwitchController : <<<<< switch: s_l_jet, State:1 >>>>>
2016-12-27 23:19:18,646 : INFO : SwitchController : <<<<< switch: s_l_kicker, State:1 >>>>>
2016-12-27 23:19:18,705 : INFO : SwitchController : <<<<< switch: s_l_jet, State:0 >>>>>
2016-12-27 23:19:18,705 : INFO : SwitchController : <<<<< switch: s_l_kicker, State:0 >>>>>
2016-12-27 23:19:18,821 : INFO : SwitchController : <<<<< switch: s_l_jet, State:1 >>>>>
2016-12-27 23:19:18,821 : INFO : SwitchController : <<<<< switch: s_l_kicker, State:1 >>>>>
2016-12-27 23:19:18,822 : INFO : SwitchController : <<<<< switch: s_l_jet, State:0 >>>>>
2016-12-27 23:19:18,846 : INFO : SwitchController : <<<<< switch: s_l_kicker, State:0 >>>>>
2016-12-27 23:19:18,939 : INFO : SwitchController : <<<<< switch: s_l_jet, State:1 >>>>>
2016-12-27 23:19:18,940 : INFO : SwitchController : <<<<< switch: s_l_kicker, State:1 >>>>>
2016-12-27 23:19:18,999 : INFO : SwitchController : <<<<< switch: s_l_jet, State:0 >>>>>
2016-12-27 23:19:18,999 : INFO : SwitchController : <<<<< switch: s_l_kicker, State:0 >>>>>
2016-12-27 23:19:19,116 : INFO : SwitchController : <<<<< switch: s_l_kicker, State:1 >>>>>
2016-12-27 23:19:19,139 : INFO : SwitchController : <<<<< switch: s_l_kicker, State:0 >>>>>
2016-12-27 23:19:19,255 : INFO : SwitchController : <<<<< switch: s_l_jet, State:1 >>>>>
2016-12-27 23:19:19,256 : INFO : SwitchController : <<<<< switch: s_l_kicker, State:1 >>>>>
2016-12-27 23:19:19,315 : INFO : SwitchController : <<<<< switch: s_l_jet, State:0 >>>>>
2016-12-27 23:19:19,315 : INFO : SwitchController : <<<<< switch: s_l_kicker, State:0 >>>>>
2016-12-27 23:19:19,410 : INFO : SwitchController : <<<<< switch: s_l_jet, State:1 >>>>>
2016-12-27 23:19:19,411 : INFO : SwitchController : <<<<< switch: s_l_kicker, State:1 >>>>>
2016-12-27 23:19:19,470 : INFO : SwitchController : <<<<< switch: s_l_jet, State:0 >>>>>
2016-12-27 23:19:19,470 : INFO : SwitchController : <<<<< switch: s_l_kicker, State:0 >>>>>
2016-12-27 23:19:19,587 : INFO : SwitchController : <<<<< switch: s_l_jet, State:1 >>>>>
2016-12-27 23:19:19,587 : INFO : SwitchController : <<<<< switch: s_l_kicker, State:1 >>>>>
2016-12-27 23:19:19,646 : INFO : SwitchController : <<<<< switch: s_l_jet, State:0 >>>>>
2016-12-27 23:19:19,646 : INFO : SwitchController : <<<<< switch: s_l_kicker, State:0 >>>>>
2016-12-27 23:19:19,763 : INFO : SwitchController : <<<<< switch: s_l_jet, State:1 >>>>>
2016-12-27 23:19:19,764 : INFO : SwitchController : <<<<< switch: s_l_kicker, State:1 >>>>>
2016-12-27 23:19:19,822 : INFO : SwitchController : <<<<< switch: s_l_jet, State:0 >>>>>
2016-12-27 23:19:19,823 : INFO : SwitchController : <<<<< switch: s_l_kicker, State:0 >>>>>
2016-12-27 23:19:19,939 : INFO : SwitchController : <<<<< switch: s_l_kicker, State:1 >>>>>
2016-12-27 23:19:19,940 : INFO : SwitchController : <<<<< switch: s_l_jet, State:1 >>>>>
2016-12-27 23:19:19,963 : INFO : SwitchController : <<<<< switch: s_l_jet, State:0 >>>>>
2016-12-27 23:19:19,997 : INFO : SwitchController : <<<<< switch: s_l_kicker, State:0 >>>>>
2016-12-27 23:19:20,113 : INFO : SwitchController : <<<<< switch: s_l_jet, State:1 >>>>>
2016-12-27 23:19:20,114 : INFO : SwitchController : <<<<< switch: s_l_kicker, State:1 >>>>>
2016-12-27 23:19:20,175 : INFO : SwitchController : <<<<< switch: s_l_jet, State:0 >>>>>
2016-12-27 23:19:20,176 : INFO : SwitchController : <<<<< switch: s_l_kicker, State:0 >>>>>
2016-12-27 23:19:20,288 : INFO : SwitchController : <<<<< switch: s_l_jet, State:1 >>>>>
2016-12-27 23:19:20,289 : INFO : SwitchController : <<<<< switch: s_l_kicker, State:1 >>>>>
2016-12-27 23:19:20,348 : INFO : SwitchController : <<<<< switch: s_l_jet, State:0 >>>>>
2016-12-27 23:19:20,348 : INFO : SwitchController : <<<<< switch: s_l_kicker, State:0 >>>>>
2016-12-27 23:19:20,464 : INFO : SwitchController : <<<<< switch: s_l_jet, State:1 >>>>>
2016-12-27 23:19:20,465 : INFO : SwitchController : <<<<< switch: s_l_kicker, State:1 >>>>>
2016-12-27 23:19:20,524 : INFO : SwitchController : <<<<< switch: s_l_jet, State:0 >>>>>
2016-12-27 23:19:20,525 : INFO : SwitchController : <<<<< switch: s_l_kicker, State:0 >>>>>
2016-12-27 23:19:20,640 : INFO : SwitchController : <<<<< switch: s_l_jet, State:1 >>>>>
2016-12-27 23:19:20,641 : INFO : SwitchController : <<<<< switch: s_l_kicker, State:1 >>>>>
2016-12-27 23:19:20,720 : INFO : SwitchController : <<<<< switch: s_l_jet, State:0 >>>>>
2016-12-27 23:19:20,720 : INFO : SwitchController : <<<<< switch: s_l_kicker, State:0 >>>>>
2016-12-27 23:19:20,815 : INFO : SwitchController : <<<<< switch: s_l_jet, State:1 >>>>>
2016-12-27 23:19:20,816 : INFO : SwitchController : <<<<< switch: s_l_kicker, State:1 >>>>>
2016-12-27 23:19:20,896 : INFO : SwitchController : <<<<< switch: s_l_jet, State:0 >>>>>
2016-12-27 23:19:20,897 : INFO : SwitchController : <<<<< switch: s_l_kicker, State:0 >>>>>
2016-12-27 23:19:21,014 : INFO : SwitchController : <<<<< switch: s_l_jet, State:1 >>>>>
2016-12-27 23:19:21,015 : INFO : SwitchController : <<<<< switch: s_l_kicker, State:1 >>>>>
2016-12-27 23:19:21,111 : INFO : SwitchController : <<<<< switch: s_l_jet, State:0 >>>>>
2016-12-27 23:19:21,111 : INFO : SwitchController : <<<<< switch: s_l_kicker, State:0 >>>>>
2016-12-27 23:19:21,228 : INFO : SwitchController : <<<<< switch: s_l_jet, State:1 >>>>>
2016-12-27 23:19:21,228 : INFO : SwitchController : <<<<< switch: s_l_kicker, State:1 >>>>>
2016-12-27 23:19:21,288 : INFO : SwitchController : <<<<< switch: s_l_jet, State:0 >>>>>
2016-12-27 23:19:21,288 : INFO : SwitchController : <<<<< switch: s_l_kicker, State:0 >>>>>
2016-12-27 23:19:21,405 : INFO : SwitchController : <<<<< switch: s_l_jet, State:1 >>>>>
2016-12-27 23:19:21,406 : INFO : SwitchController : <<<<< switch: s_l_kicker, State:1 >>>>>
2016-12-27 23:19:21,487 : INFO : SwitchController : <<<<< switch: s_l_jet, State:0 >>>>>
2016-12-27 23:19:21,487 : INFO : SwitchController : <<<<< switch: s_l_kicker, State:0 >>>>>
2016-12-27 23:19:21,605 : INFO : SwitchController : <<<<< switch: s_l_kicker, State:1 >>>>>
2016-12-27 23:19:21,606 : INFO : SwitchController : <<<<< switch: s_l_jet, State:1 >>>>>
2016-12-27 23:19:21,702 : INFO : SwitchController : <<<<< switch: s_l_jet, State:0 >>>>>
2016-12-27 23:19:21,702 : INFO : SwitchController : <<<<< switch: s_l_kicker, State:0 >>>>>
2016-12-27 23:19:21,819 : INFO : SwitchController : <<<<< switch: s_l_jet, State:1 >>>>>
2016-12-27 23:19:21,819 : INFO : SwitchController : <<<<< switch: s_l_kicker, State:1 >>>>>
2016-12-27 23:19:21,900 : INFO : SwitchController : <<<<< switch: s_l_jet, State:0 >>>>>
2016-12-27 23:19:21,900 : INFO : SwitchController : <<<<< switch: s_l_kicker, State:0 >>>>>
2016-12-27 23:19:22,017 : INFO : SwitchController : <<<<< switch: s_l_jet, State:1 >>>>>
2016-12-27 23:19:22,018 : INFO : SwitchController : <<<<< switch: s_l_kicker, State:1 >>>>>
2016-12-27 23:19:22,113 : INFO : SwitchController : <<<<< switch: s_l_jet, State:0 >>>>>
2016-12-27 23:19:22,113 : INFO : SwitchController : <<<<< switch: s_l_kicker, State:0 >>>>>
2016-12-27 23:19:22,230 : INFO : SwitchController : <<<<< switch: s_l_jet, State:1 >>>>>
2016-12-27 23:19:22,231 : INFO : SwitchController : <<<<< switch: s_l_kicker, State:1 >>>>>
2016-12-27 23:19:22,289 : INFO : SwitchController : <<<<< switch: s_l_jet, State:0 >>>>>
2016-12-27 23:19:22,290 : INFO : SwitchController : <<<<< switch: s_l_kicker, State:0 >>>>>
2016-12-27 23:19:22,407 : INFO : SwitchController : <<<<< switch: s_l_jet, State:1 >>>>>
2016-12-27 23:19:22,407 : INFO : SwitchController : <<<<< switch: s_l_kicker, State:1 >>>>>
2016-12-27 23:19:22,487 : INFO : SwitchController : <<<<< switch: s_l_jet, State:0 >>>>>
2016-12-27 23:19:22,487 : INFO : SwitchController : <<<<< switch: s_l_kicker, State:0 >>>>>
2016-12-27 23:19:22,641 : INFO : SwitchController : <<<<< switch: s_l_jet, State:1 >>>>>
2016-12-27 23:19:22,641 : INFO : SwitchController : <<<<< switch: s_l_kicker, State:1 >>>>>
2016-12-27 23:19:22,699 : INFO : SwitchController : <<<<< switch: s_l_jet, State:0 >>>>>
2016-12-27 23:19:22,699 : INFO : SwitchController : <<<<< switch: s_l_kicker, State:0 >>>>>
2016-12-27 23:19:22,815 : INFO : SwitchController : <<<<< switch: s_l_jet, State:1 >>>>>
2016-12-27 23:19:22,816 : INFO : SwitchController : <<<<< switch: s_l_kicker, State:1 >>>>>
2016-12-27 23:19:22,874 : INFO : SwitchController : <<<<< switch: s_l_jet, State:0 >>>>>
2016-12-27 23:19:22,874 : INFO : SwitchController : <<<<< switch: s_l_kicker, State:0 >>>>>
2016-12-27 23:19:22,990 : INFO : SwitchController : <<<<< switch: s_l_jet, State:1 >>>>>
2016-12-27 23:19:23,167 : INFO : SwitchController : <<<<< switch: s_l_kicker, State:1 >>>>>
2016-12-27 23:19:23,167 : INFO : SwitchController : <<<<< switch: s_l_jet, State:0 >>>>>
2016-12-27 23:19:23,283 : INFO : SwitchController : <<<<< switch: s_l_kicker, State:0 >>>>>
2016-12-27 23:19:23,283 : INFO : SwitchController : <<<<< switch: s_l_jet, State:1 >>>>>
2016-12-27 23:19:23,398 : INFO : SwitchController : <<<<< switch: s_l_kicker, State:1 >>>>>
2016-12-27 23:19:23,456 : INFO : SwitchController : <<<<< switch: s_l_jet, State:0 >>>>>
2016-12-27 23:19:23,515 : INFO : SwitchController : <<<<< switch: s_l_kicker, State:0 >>>>>
2016-12-27 23:19:23,573 : INFO : SwitchController : <<<<< switch: s_l_jet, State:1 >>>>>
2016-12-27 23:19:23,689 : INFO : SwitchController : <<<<< switch: s_l_kicker, State:1 >>>>>
2016-12-27 23:19:23,713 : INFO : SwitchController : <<<<< switch: s_l_jet, State:0 >>>>>
2016-12-27 23:19:23,806 : INFO : SwitchController : <<<<< switch: s_l_kicker, State:0 >>>>>
2016-12-27 23:19:23,806 : INFO : SwitchController : <<<<< switch: s_l_jet, State:1 >>>>>
2016-12-27 23:19:23,982 : INFO : SwitchController : <<<<< switch: s_l_jet, State:0 >>>>>
2016-12-27 23:19:23,983 : INFO : SwitchController : <<<<< switch: s_l_kicker, State:1 >>>>>
2016-12-27 23:19:24,062 : INFO : SwitchController : <<<<< switch: s_l_kicker, State:0 >>>>>
2016-12-27 23:19:24,099 : INFO : SwitchController : <<<<< switch: s_l_jet, State:1 >>>>>
2016-12-27 23:19:24,221 : INFO : SwitchController : <<<<< switch: s_l_kicker, State:1 >>>>>
2016-12-27 23:19:24,238 : INFO : SwitchController : <<<<< switch: s_l_jet, State:0 >>>>>
2016-12-27 23:19:24,295 : INFO : SwitchController : <<<<< switch: s_l_kicker, State:0 >>>>>
2016-12-27 23:19:24,391 : INFO : SwitchController : <<<<< switch: s_l_jet, State:1 >>>>>
2016-12-27 23:19:24,508 : INFO : SwitchController : <<<<< switch: s_l_jet, State:0 >>>>>
2016-12-27 23:19:24,625 : INFO : SwitchController : <<<<< switch: s_l_jet, State:1 >>>>>
2016-12-27 23:19:24,763 : INFO : SwitchController : <<<<< switch: s_l_jet, State:0 >>>>>
2016-12-27 23:19:24,763 : INFO : SwitchController : <<<<< switch: s_l_kicker, State:1 >>>>>
2016-12-27 23:19:24,879 : INFO : SwitchController : <<<<< switch: s_l_kicker, State:0 >>>>>
2016-12-27 23:19:24,879 : INFO : SwitchController : <<<<< switch: s_l_jet, State:1 >>>>>
2016-12-27 23:19:25,172 : INFO : SwitchController : <<<<< switch: s_l_jet, State:0 >>>>>
2016-12-27 23:19:25,522 : INFO : SwitchController : <<<<< switch: s_l_kicker, State:1 >>>>>
2016-12-27 23:19:25,618 : INFO : SwitchController : <<<<< switch: s_l_kicker, State:0 >>>>>
2016-12-27 23:19:25,735 : INFO : SwitchController : <<<<< switch: s_g_target, State:1 >>>>>
2016-12-27 23:19:25,967 : INFO : SwitchController : <<<<< switch: s_g_target, State:0 >>>>>
2016-12-27 23:19:26,200 : INFO : SwitchController : <<<<< switch: s_g_target, State:1 >>>>>
2016-12-27 23:19:26,378 : INFO : SwitchController : <<<<< switch: s_g_target, State:0 >>>>>
2016-12-27 23:19:26,575 : INFO : SwitchController : <<<<< switch: s_g_target, State:1 >>>>>
2016-12-27 23:19:26,670 : INFO : SwitchController : <<<<< switch: s_g_target, State:0 >>>>>
2016-12-27 23:19:26,869 : INFO : SwitchController : <<<<< switch: s_g_target, State:1 >>>>>
2016-12-27 23:19:26,987 : INFO : SwitchController : <<<<< switch: s_g_target, State:0 >>>>>
2016-12-27 23:19:27,197 : INFO : SwitchController : <<<<< switch: s_g_target, State:1 >>>>>
2016-12-27 23:19:27,315 : INFO : SwitchController : <<<<< switch: s_g_target, State:0 >>>>>
2016-12-27 23:19:27,489 : INFO : SwitchController : <<<<< switch: s_g_target, State:1 >>>>>
2016-12-27 23:19:27,665 : INFO : SwitchController : <<<<< switch: s_g_target, State:0 >>>>>
2016-12-27 23:19:27,862 : INFO : SwitchController : <<<<< switch: s_l_jet, State:1 >>>>>
2016-12-27 23:19:27,901 : INFO : SwitchController : <<<<< switch: s_k_target, State:1 >>>>>
2016-12-27 23:19:27,979 : INFO : SwitchController : <<<<< switch: s_l_jet, State:0 >>>>>
2016-12-27 23:19:28,038 : INFO : SwitchController : <<<<< switch: s_k_target, State:0 >>>>>
2016-12-27 23:19:28,097 : INFO : SwitchController : <<<<< switch: s_l_jet, State:1 >>>>>
2016-12-27 23:19:28,214 : INFO : SwitchController : <<<<< switch: s_k_target, State:1 >>>>>
2016-12-27 23:19:28,253 : INFO : SwitchController : <<<<< switch: s_l_jet, State:0 >>>>>
2016-12-27 23:19:28,310 : INFO : SwitchController : <<<<< switch: s_k_target, State:0 >>>>>
2016-12-27 23:19:28,368 : INFO : SwitchController : <<<<< switch: s_l_jet, State:1 >>>>>
2016-12-27 23:19:28,508 : INFO : SwitchController : <<<<< switch: s_l_jet, State:0 >>>>>
2016-12-27 23:19:28,508 : INFO : SwitchController : <<<<< switch: s_k_target, State:1 >>>>>
2016-12-27 23:19:28,604 : INFO : SwitchController : <<<<< switch: s_k_target, State:0 >>>>>
2016-12-27 23:19:28,663 : INFO : SwitchController : <<<<< switch: s_l_jet, State:1 >>>>>
2016-12-27 23:19:28,801 : INFO : SwitchController : <<<<< switch: s_l_jet, State:0 >>>>>
2016-12-27 23:19:28,801 : INFO : SwitchController : <<<<< switch: s_k_target, State:1 >>>>>
2016-12-27 23:19:28,896 : INFO : SwitchController : <<<<< switch: s_k_target, State:0 >>>>>
2016-12-27 23:19:28,954 : INFO : SwitchController : <<<<< switch: s_l_jet, State:1 >>>>>
2016-12-27 23:19:29,072 : INFO : SwitchController : <<<<< switch: s_l_jet, State:0 >>>>>
2016-12-27 23:19:29,153 : INFO : SwitchController : <<<<< switch: s_l_jet, State:1 >>>>>
2016-12-27 23:19:29,192 : INFO : SwitchController : <<<<< switch: s_k_target, State:1 >>>>>
2016-12-27 23:19:29,214 : INFO : SwitchController : <<<<< switch: s_l_jet, State:0 >>>>>
2016-12-27 23:19:29,249 : INFO : SwitchController : <<<<< switch: s_k_target, State:0 >>>>>
2016-12-27 23:19:29,329 : INFO : SwitchController : <<<<< switch: s_k_target, State:1 >>>>>
2016-12-27 23:19:29,368 : INFO : SwitchController : <<<<< switch: s_l_jet, State:1 >>>>>
2016-12-27 23:19:29,369 : INFO : SwitchController : <<<<< switch: s_l_jet, State:0 >>>>>
2016-12-27 23:19:29,446 : INFO : SwitchController : <<<<< switch: s_k_target, State:0 >>>>>
2016-12-27 23:19:29,542 : INFO : SwitchController : <<<<< switch: s_l_jet, State:1 >>>>>
2016-12-27 23:19:29,542 : INFO : SwitchController : <<<<< switch: s_k_target, State:1 >>>>>
2016-12-27 23:19:29,622 : INFO : SwitchController : <<<<< switch: s_l_jet, State:0 >>>>>
2016-12-27 23:19:29,622 : INFO : SwitchController : <<<<< switch: s_k_target, State:0 >>>>>
2016-12-27 23:19:29,739 : INFO : SwitchController : <<<<< switch: s_l_jet, State:1 >>>>>
2016-12-27 23:19:29,739 : INFO : SwitchController : <<<<< switch: s_k_target, State:1 >>>>>
2016-12-27 23:19:29,797 : INFO : SwitchController : <<<<< switch: s_l_jet, State:0 >>>>>
2016-12-27 23:19:29,797 : INFO : SwitchController : <<<<< switch: s_k_target, State:0 >>>>>
2016-12-27 23:19:30,559 : INFO : SwitchController : <<<<< switch: s_l_jet, State:1 >>>>>
2016-12-27 23:19:30,560 : INFO : SwitchController : <<<<< switch: s_l_kicker, State:1 >>>>>
2016-12-27 23:19:30,678 : INFO : SwitchController : <<<<< switch: s_l_kicker, State:0 >>>>>
2016-12-27 23:19:30,716 : INFO : SwitchController : <<<<< switch: s_l_jet, State:0 >>>>>
2016-12-27 23:19:30,797 : INFO : SwitchController : <<<<< switch: s_l_jet, State:1 >>>>>
2016-12-27 23:19:31,033 : INFO : SwitchController : <<<<< switch: s_l_jet, State:0 >>>>>
2016-12-27 23:19:31,033 : INFO : SwitchController : <<<<< switch: s_l_kicker, State:1 >>>>>
2016-12-27 23:19:31,208 : INFO : SwitchController : <<<<< switch: s_l_kicker, State:0 >>>>>
2016-12-27 23:19:31,208 : INFO : SwitchController : <<<<< switch: s_l_jet, State:1 >>>>>
2016-12-27 23:19:31,362 : INFO : SwitchController : <<<<< switch: s_l_kicker, State:1 >>>>>
2016-12-27 23:19:31,441 : INFO : SwitchController : <<<<< switch: s_l_jet, State:0 >>>>>
2016-12-27 23:19:31,537 : INFO : SwitchController : <<<<< switch: s_l_kicker, State:0 >>>>>
2016-12-27 23:19:31,594 : INFO : SwitchController : <<<<< switch: s_l_jet, State:1 >>>>>
2016-12-27 23:19:31,769 : INFO : SwitchController : <<<<< switch: s_l_kicker, State:1 >>>>>
2016-12-27 23:19:31,792 : INFO : SwitchController : <<<<< switch: s_l_jet, State:0 >>>>>
2016-12-27 23:19:31,828 : INFO : SwitchController : <<<<< switch: s_l_kicker, State:0 >>>>>
2016-12-27 23:19:31,907 : INFO : SwitchController : <<<<< switch: s_l_kicker, State:1 >>>>>
2016-12-27 23:19:31,947 : INFO : SwitchController : <<<<< switch: s_l_jet, State:1 >>>>>
2016-12-27 23:19:32,024 : INFO : SwitchController : <<<<< switch: s_l_kicker, State:0 >>>>>
2016-12-27 23:19:32,025 : INFO : SwitchController : <<<<< switch: s_l_jet, State:0 >>>>>
2016-12-27 23:19:32,140 : INFO : SwitchController : <<<<< switch: s_l_jet, State:1 >>>>>
2016-12-27 23:19:32,141 : INFO : SwitchController : <<<<< switch: s_l_kicker, State:1 >>>>>
2016-12-27 23:19:32,199 : INFO : SwitchController : <<<<< switch: s_l_jet, State:0 >>>>>
2016-12-27 23:19:32,200 : INFO : SwitchController : <<<<< switch: s_l_kicker, State:0 >>>>>
2016-12-27 23:19:32,352 : INFO : SwitchController : <<<<< switch: s_l_kicker, State:1 >>>>>
2016-12-27 23:19:32,375 : INFO : SwitchController : <<<<< switch: s_l_kicker, State:0 >>>>>
2016-12-27 23:19:32,492 : INFO : SwitchController : <<<<< switch: s_l_jet, State:1 >>>>>
2016-12-27 23:19:32,493 : INFO : SwitchController : <<<<< switch: s_l_kicker, State:1 >>>>>
2016-12-27 23:19:32,550 : INFO : SwitchController : <<<<< switch: s_l_jet, State:0 >>>>>
2016-12-27 23:19:32,550 : INFO : SwitchController : <<<<< switch: s_l_kicker, State:0 >>>>>
2016-12-27 23:19:32,647 : INFO : SwitchController : <<<<< switch: s_l_jet, State:1 >>>>>
2016-12-27 23:19:32,647 : INFO : SwitchController : <<<<< switch: s_l_kicker, State:1 >>>>>
2016-12-27 23:19:32,706 : INFO : SwitchController : <<<<< switch: s_l_jet, State:0 >>>>>
2016-12-27 23:19:32,706 : INFO : SwitchController : <<<<< switch: s_l_kicker, State:0 >>>>>
2016-12-27 23:19:32,786 : INFO : SwitchController : <<<<< switch: s_l_jet, State:1 >>>>>
2016-12-27 23:19:32,787 : INFO : SwitchController : <<<<< switch: s_l_kicker, State:1 >>>>>
2016-12-27 23:19:32,846 : INFO : SwitchController : <<<<< switch: s_l_kicker, State:0 >>>>>
2016-12-27 23:19:32,882 : INFO : SwitchController : <<<<< switch: s_l_jet, State:0 >>>>>
2016-12-27 23:19:33,233 : INFO : SwitchController : <<<<< switch: s_l_kicker, State:1 >>>>>
2016-12-27 23:19:33,291 : INFO : SwitchController : <<<<< switch: s_l_kicker, State:0 >>>>>
2016-12-27 23:19:33,292 : INFO : SwitchController : <<<<< switch: s_l_jet, State:1 >>>>>
2016-12-27 23:19:33,351 : INFO : SwitchController : <<<<< switch: s_l_jet, State:0 >>>>>
2016-12-27 23:19:33,409 : INFO : SwitchController : <<<<< switch: s_l_kicker, State:1 >>>>>
2016-12-27 23:19:33,467 : INFO : SwitchController : <<<<< switch: s_l_kicker, State:0 >>>>>
2016-12-27 23:19:33,489 : INFO : SwitchController : <<<<< switch: s_l_jet, State:1 >>>>>
2016-12-27 23:19:33,584 : INFO : SwitchController : <<<<< switch: s_l_kicker, State:1 >>>>>
2016-12-27 23:19:33,584 : INFO : SwitchController : <<<<< switch: s_l_jet, State:0 >>>>>
2016-12-27 23:19:33,643 : INFO : SwitchController : <<<<< switch: s_l_kicker, State:0 >>>>>
2016-12-27 23:19:33,701 : INFO : SwitchController : <<<<< switch: s_l_jet, State:1 >>>>>
2016-12-27 23:19:33,760 : INFO : SwitchController : <<<<< switch: s_l_kicker, State:1 >>>>>
2016-12-27 23:19:33,760 : INFO : SwitchController : <<<<< switch: s_l_jet, State:0 >>>>>
2016-12-27 23:19:33,819 : INFO : SwitchController : <<<<< switch: s_l_kicker, State:0 >>>>>
2016-12-27 23:19:33,876 : INFO : SwitchController : <<<<< switch: s_l_jet, State:1 >>>>>
2016-12-27 23:19:33,936 : INFO : SwitchController : <<<<< switch: s_l_kicker, State:1 >>>>>
2016-12-27 23:19:33,960 : INFO : SwitchController : <<<<< switch: s_l_jet, State:0 >>>>>
2016-12-27 23:19:34,016 : INFO : SwitchController : <<<<< switch: s_l_kicker, State:0 >>>>>
2016-12-27 23:19:34,053 : INFO : SwitchController : <<<<< switch: s_l_jet, State:1 >>>>>
2016-12-27 23:19:34,134 : INFO : SwitchController : <<<<< switch: s_l_kicker, State:1 >>>>>
2016-12-27 23:19:34,174 : INFO : SwitchController : <<<<< switch: s_l_jet, State:0 >>>>>
2016-12-27 23:19:34,194 : INFO : SwitchController : <<<<< switch: s_l_kicker, State:0 >>>>>
2016-12-27 23:19:34,253 : INFO : SwitchController : <<<<< switch: s_l_jet, State:1 >>>>>
2016-12-27 23:19:34,312 : INFO : SwitchController : <<<<< switch: s_l_kicker, State:1 >>>>>
2016-12-27 23:19:34,352 : INFO : SwitchController : <<<<< switch: s_l_jet, State:0 >>>>>
2016-12-27 23:19:34,408 : INFO : SwitchController : <<<<< switch: s_l_kicker, State:0 >>>>>
2016-12-27 23:19:34,429 : INFO : SwitchController : <<<<< switch: s_l_jet, State:1 >>>>>
2016-12-27 23:19:34,525 : INFO : SwitchController : <<<<< switch: s_l_jet, State:0 >>>>>
2016-12-27 23:19:34,525 : INFO : SwitchController : <<<<< switch: s_l_kicker, State:1 >>>>>
2016-12-27 23:19:34,585 : INFO : SwitchController : <<<<< switch: s_l_kicker, State:0 >>>>>
2016-12-27 23:19:34,585 : INFO : SwitchController : <<<<< switch: s_l_jet, State:1 >>>>>
2016-12-27 23:19:34,666 : INFO : SwitchController : <<<<< switch: s_l_jet, State:0 >>>>>
2016-12-27 23:19:34,666 : INFO : SwitchController : <<<<< switch: s_l_kicker, State:1 >>>>>
2016-12-27 23:19:34,763 : INFO : SwitchController : <<<<< switch: s_l_kicker, State:0 >>>>>
2016-12-27 23:19:34,763 : INFO : SwitchController : <<<<< switch: s_l_jet, State:1 >>>>>
2016-12-27 23:19:34,843 : INFO : SwitchController : <<<<< switch: s_l_jet, State:0 >>>>>
2016-12-27 23:19:34,843 : INFO : SwitchController : <<<<< switch: s_l_kicker, State:1 >>>>>
2016-12-27 23:19:34,903 : INFO : SwitchController : <<<<< switch: s_l_kicker, State:0 >>>>>
2016-12-27 23:19:34,904 : INFO : SwitchController : <<<<< switch: s_l_jet, State:1 >>>>>
2016-12-27 23:19:35,000 : INFO : SwitchController : <<<<< switch: s_l_jet, State:0 >>>>>
2016-12-27 23:19:37,904 : INFO : Machine : Shutting down...
2016-12-27 23:19:37,909 : INFO : root : MPF run loop ended.
